MQTT Task started
Connected to MQTT broker
Subscribed to topic: /server/announcments/#
MQTT yeild loop starting
MQTT Task started
Connected to MQTT broker
Subscribed to topic: /server/announcments/#
MQTT yeild loop starting
MQTT Task started
Connected to MQTT broker
Subscribed to topic: /server/announcments/#
MQTT yeild loop starting
Client started
Client started
MQTT Task started
Client started
Client started
MQTT Task started
Connected to MQTT broker
Subscribed to topic: /server/announcments/#
MQTT yeild loop starting
